<?xml version="1.0" encoding="UTF-8"?>
<testsuite xmlns:xsi="http://www.w3.org/2001/XMLSchema-instance" xsi:noNamespaceSchemaLocation="https://maven.apache.org/surefire/maven-surefire-plugin/xsd/surefire-test-report-3.0.xsd" version="3.0" name="TestSuite" time="74.935" tests="1" errors="0" skipped="0" failures="0">
  <properties>
[...]
</properties>
  <testcase name="runScenario[&quot;Update item quantity in cart&quot;, &quot;Functional Test&quot;](1)" classname="runner.TestRunner" time="73.948">
    <system-out><![CDATA[
@testIDX-update-qty
Scenario Outline: Update item quantity in cart                                                                                                                                                                                                                                                                                                                                                               &amp#27;[90m# src/test/resources/features/testIDX.feature:89&amp#27;[0m
URL: https://sauce-demo.myshopify.com/
  &amp#27;[32mGiven &amp#27;[0m&amp#27;[32muser opens Chrome browser and navigate to url &amp#27;[0m&amp#27;[32m&amp#27;[1m"https://sauce-demo.myshopify.com/"&amp#27;[0m                                                                                                                                                                                                                                                                                                                    &amp#27;[90m# stepdefinitions.SDTesting.open_chrome_and_go_to_url(java.lang.String)&amp#27;[0m
DELAY: Waiting for 5 seconds...
Processing: Noir jacket
Processing: M
Processing: Red
DELAY: Waiting for 2 seconds...
Element FOUND: //label[normalize-space()='Size']
SUCCESS: Selected 'M'
Element FOUND: //label[normalize-space()='Color']
SUCCESS: Selected 'Red'
DELAY: Waiting for 4 seconds...
DELAY: Waiting for 4 seconds...
Processing: Striped top
Processing: 
Processing: 
DELAY: Waiting for 2 seconds...
DELAY: Waiting for 4 seconds...
DELAY: Waiting for 4 seconds...
  &amp#27;[32mThen &amp#27;[0m&amp#27;[32muser choose products and add to cart&amp#27;[0m                                                                                                                                                                                                                                                                                                                                                                  &amp#27;[90m# stepdefinitions.SDIdxTest.user_choose_products_and_add_to_cart(io.cucumber.datatable.DataTable)&amp#27;[0m
    | product     | size    | color   |
    | Noir jacket | M       | Red     |
    | Striped top | [empty] | [empty] |
SUCCESS: Press button with label: 'Check Out'
DELAY: Waiting for 3 seconds...
Skip updating qty
Verifying product: Noir jacket
SUCCESS: Text contains: 'Noir jacket'
Value: 1
getQty: 1
price: 60.00
calcTotal: 60
Skip updating qty
Verifying product: Striped top
SUCCESS: Text contains: 'Striped top'
Value: 1
getQty: 1
price: 50.00
calcTotal: 50
Expected Grand Total: 110
Actual Grand Total: 110
  &amp#27;[32mThen &amp#27;[0m&amp#27;[32muser go to cart page and verify product exist and qty and total&amp#27;[0m                                                                                                                                                                                                                                                                                                                                       &amp#27;[90m# stepdefinitions.SDIdxTest.user_go_to_cart_page_and_verify_product(io.cucumber.datatable.DataTable)&amp#27;[0m
    | product     | qty | total |
    | Noir jacket | 1   | 60    |
    | Striped top | 1   | 50    |
DELAY: Waiting for 2 seconds...
SUCCESS: Press button with label: 'Check Out'
DELAY: Waiting for 3 seconds...
DELAY: Waiting for 1 seconds...
price: 50.00
SUCCESS: Input '2' into field: By.xpath: //h3[a[contains(normalize-space(text()),'Striped top')]]/ancestor::div[@class='row']//input[@name='updates[]']
DELAY: Waiting for 3 seconds...
Verifying product: Striped top
SUCCESS: Text contains: 'Striped top'
Value: 2
getQty: 2
price: 50.00
calcTotal: 100
Expected Grand Total: 160
Actual Grand Total: 160
  &amp#27;[32mThen &amp#27;[0m&amp#27;[32muser go to cart page and update qty and verify qty and total&amp#27;[0m                                                                                                                                                                                                                                                                                                                                          &amp#27;[90m# stepdefinitions.SDIdxTest.user_go_to_cart_page_and_update_qty_and_verify_qty_and_total(io.cucumber.datatable.DataTable)&amp#27;[0m
    | product     | qty | total |
    | Striped top | 2   | 100   |
DELAY: Waiting for 5 seconds...
  &amp#27;[32mAnd &amp#27;[0m&amp#27;[32muser checkout items&amp#27;[0m                                                                                                                                                                                                                                                                                                                                                                                    &amp#27;[90m# stepdefinitions.SDIdxTest.user_checkout_items()&amp#27;[0m
DELAY: Waiting for 5 seconds...
SUCCESS: Input 'tetexe422@inboxbear.com' into field with placeholder 'Email'
SUCCESS: Input 'John' into field with placeholder 'First name (optional)'
SUCCESS: Input 'Doe' into field with placeholder 'Last name'
SUCCESS: Input 'Test Inc' into field with placeholder 'Company (optional)'
SUCCESS: Input '123 Test St' into field with placeholder 'Address'
SUCCESS: Input 'Test City' into field with placeholder 'City'
SUCCESS: Selected 'West Java'
SUCCESS: Input '12345' into field with placeholder 'Postal code'
SUCCESS: Input '0821-1054-5855' into field with placeholder 'Phone (optional)'
DELAY: Waiting for 5 seconds...
Input Card Details
SUCCESS: Input '5552 0000 8888 8080' into field with placeholder 'Card number'
Input Card Number
SUCCESS: Input slowly '1227'
DELAY: Waiting for 1 seconds...
SUCCESS: Input '123' into field with placeholder 'Security code'
DELAY: Waiting for 1 seconds...
DELAY: Waiting for 3 seconds...
  &amp#27;[32mAnd &amp#27;[0m&amp#27;[32muser verify on payment page and fill email &amp#27;[0m&amp#27;[32m&amp#27;[1m"tetexe422@inboxbear.com"&amp#27;[0m&amp#27;[32m and first name &amp#27;[0m&amp#27;[32m&amp#27;[1m"John"&amp#27;[0m&amp#27;[32m and last name &amp#27;[0m&amp#27;[32m&amp#27;[1m"Doe"&amp#27;[0m&amp#27;[32m and company &amp#27;[0m&amp#27;[32m&amp#27;[1m"Test Inc"&amp#27;[0m&amp#27;[32m and address &amp#27;[0m&amp#27;[32m&amp#27;[1m"123 Test St"&amp#27;[0m&amp#27;[32m and city &amp#27;[0m&amp#27;[32m&amp#27;[1m"Test City"&amp#27;[0m&amp#27;[32m and province &amp#27;[0m&amp#27;[32m&amp#27;[1m"West Java"&amp#27;[0m&amp#27;[32m and postal code &amp#27;[0m&amp#27;[32m&amp#27;[1m"12345"&amp#27;[0m&amp#27;[32m and phone &amp#27;[0m&amp#27;[32m&amp#27;[1m"0821-1054-5855"&amp#27;[0m&amp#27;[32m and card number &amp#27;[0m&amp#27;[32m&amp#27;[1m"5552 0000 8888 8080"&amp#27;[0m&amp#27;[32m and expiry month and year &amp#27;[0m&amp#27;[32m&amp#27;[1m"1227"&amp#27;[0m&amp#27;[32m and cvv &amp#27;[0m&amp#27;[32m&amp#27;[1m"123"&amp#27;[0m&amp#27;[32m and name on card &amp#27;[0m&amp#27;[32m&amp#27;[1m"<firstname>"&amp#27;[0m&amp#27;[32m and click pay now&amp#27;[0m &amp#27;[90m# stepdefinitions.SDIdxTest.user_verify_on_payment_page_and_fill_payment_details(java.lang.String,java.lang.String,java.lang.String,java.lang.String,java.lang.String,java.lang.String,java.lang.String,java.lang.String,java.lang.String,java.lang.String,java.lang.String,java.lang.String,java.lang.String)&amp#27;[0m
  &amp#27;[32mThen &amp#27;[0m&amp#27;[32muser close browser&amp#27;[0m                                                                                                                                                                                                                                                                                                                                                                                    &amp#27;[90m# stepdefinitions.SDTesting.user_close_browser()&amp#27;[0m
]]></system-out>
    <system-err><![CDATA[SLF4J: Failed to load class "org.slf4j.impl.StaticLoggerBinder".
SLF4J: Defaulting to no-operation (NOP) logger implementation
SLF4J: See http://www.slf4j.org/codes.html#StaticLoggerBinder for further details.
Mar 18, 2026 2:16:51 PM org.openqa.selenium.devtools.CdpVersionFinder findNearestMatch
WARNING: Unable to find CDP implementation matching 146
Mar 18, 2026 2:16:51 PM org.openqa.selenium.chromium.ChromiumDriver lambda$new$5
WARNING: Unable to find version of CDP to use for 146.0.7680.80. You may need to include a dependency on a specific version of the CDP using something similar to `org.seleniumhq.selenium:selenium-devtools-v86:4.25.0` where the version ("v86") matches the version of the chromium-based browser you're using and the version number of the artifact is the same as Selenium's.
]]></system-err>
  </testcase>
</testsuite>