<?xml version="1.0" encoding="UTF-8"?>
<testsuite xmlns:xsi="http://www.w3.org/2001/XMLSchema-instance" xsi:noNamespaceSchemaLocation="https://maven.apache.org/surefire/maven-surefire-plugin/xsd/surefire-test-report-3.0.xsd" version="3.0" name="runner.TestRunner" time="26.473" tests="1" errors="0" skipped="0" failures="0">
  <properties>
[...]
</properties>
  <testcase name="runScenario[&quot;View cart page&quot;, &quot;View cart page&quot;](1)" classname="runner.TestRunner" time="25.584">
    <system-out><![CDATA[
@testDemo
Scenario Outline: View cart page                                                       &amp#27;[90m# src/test/resources/features/automationExercise.feature:12&amp#27;[0m
URL: http://automationexercise.com/
  &amp#27;[32mGiven &amp#27;[0m&amp#27;[32muser opens Chrome browser and navigate to url &amp#27;[0m&amp#27;[32m&amp#27;[1m"http://automationexercise.com/"&amp#27;[0m &amp#27;[90m# stepdefinitions.SDTesting.open_chrome_and_go_to_url(java.lang.String)&amp#27;[0m
Element FOUND: //a[normalize-space()='Home']
DELAY: Waiting for 1 seconds...
  &amp#27;[32mThen &amp#27;[0m&amp#27;[32muser verify is on homepage auto exercise&amp#27;[0m                                        &amp#27;[90m# stepdefinitions.SDTesting.user_verify_is_on_homepage()&amp#27;[0m
Close ad
iframe
iframe
iframe
iframe
iframe
iframe
iframe
iframe
iframe
iframe
DELAY: Waiting for 1 seconds...
Element FOUND: //h2[normalize-space()='Blue Top']
DELAY: Waiting for 5 seconds...
SUCCESS: Input '4' into field with name 'quantity'
DELAY: Waiting for 3 seconds...
SUCCESS: Press button with text: 'Add to cart'
DELAY: Waiting for 2 seconds...
SUCCESS: Press button with label: 'View Cart'
DELAY: Waiting for 2 seconds...
Qty is correct
  &amp#27;[32mAnd &amp#27;[0m&amp#27;[32muser check product and add to cart with qty &amp#27;[0m&amp#27;[32m&amp#27;[1m"4"&amp#27;[0m                                  &amp#27;[90m# stepdefinitions.SDTesting.user_check_product(java.lang.String)&amp#27;[0m
  &amp#27;[32mThen &amp#27;[0m&amp#27;[32muser close browser&amp#27;[0m                                                              &amp#27;[90m# stepdefinitions.SDTesting.user_close_browser()&amp#27;[0m
]]></system-out>
    <system-err><![CDATA[SLF4J: Failed to load class "org.slf4j.impl.StaticLoggerBinder".
SLF4J: Defaulting to no-operation (NOP) logger implementation
SLF4J: See http://www.slf4j.org/codes.html#StaticLoggerBinder for further details.
Feb 23, 2026 11:47:47 AM org.openqa.selenium.devtools.CdpVersionFinder findNearestMatch
WARNING: Unable to find CDP implementation matching 145
Feb 23, 2026 11:47:47 AM org.openqa.selenium.chromium.ChromiumDriver lambda$new$5
WARNING: Unable to find version of CDP to use for 145.0.7632.109. You may need to include a dependency on a specific version of the CDP using something similar to `org.seleniumhq.selenium:selenium-devtools-v86:4.18.1` where the version ("v86") matches the version of the chromium-based browser you're using and the version number of the artifact is the same as Selenium's.
]]></system-err>
  </testcase>
</testsuite>