<?xml version="1.0" encoding="UTF-8"?>
<!-- Generated by org.testng.reporters.JUnitReportReporter -->
<testsuite hostname="202508002-Yohanes" failures="0" tests="5" name="runner.TestRunner" time="252.644" errors="0" timestamp="2026-03-18T16:39:11 ICT" skipped="0">
  <testcase classname="runner.TestRunner" name="runScenario" time="52.307"/>
  <testcase classname="runner.TestRunner" name="runScenario" time="15.444"/>
  <testcase classname="runner.TestRunner" name="runScenario" time="20.897"/>
  <testcase classname="runner.TestRunner" name="runScenario" time="87.697"/>
  <testcase classname="runner.TestRunner" name="runScenario" time="76.299"/>
</testsuite> <!-- runner.TestRunner -->
